<?xml version="1.0" encoding="UTF-8"?>
<testsuite xmlns:xsi="http://www.w3.org/2001/XMLSchema-instance" xsi:noNamespaceSchemaLocation="https://maven.apache.org/surefire/maven-surefire-plugin/xsd/surefire-test-report.xsd" version="3.0.2" name="com.inventoryManager.InventoryManagerApplicationTests" time="3.129" tests="1" errors="0" skipped="0" failures="0">
  <properties>
[...]
</properties>
  <testcase name="contextLoads" classname="com.inventoryManager.InventoryManagerApplicationTests" time="0.733">
    <system-out><![CDATA[20:29:18.434 [main] INFO org.springframework.test.context.support.AnnotationConfigContextLoaderUtils -- Could not detect default configuration classes for test class [com.inventoryManager.InventoryManagerApplicationTests]: InventoryManagerApplicationTests does not declare any static, non-private, non-final, nested classes annotated with @Configuration.
20:29:18.556 [main] INFO org.springframework.boot.test.context.SpringBootTestContextBootstrapper -- Found @SpringBootConfiguration com.inventoryManager.InventoryManagerApplication for test class com.inventoryManager.InventoryManagerApplicationTests

  .   ____          _            __ _ _
 /\\ / ___'_ __ _ _(_)_ __  __ _ \ \ \ \
( ( )\___ | '_ | '_| | '_ \/ _` | \ \ \ \
 \\/  ___)| |_)| | | | | || (_| |  ) ) ) )
  '  |____| .__|_| |_|_| |_\__, | / / / /
 =========|_|==============|___/=/_/_/_/

 :: Spring Boot ::                (v3.4.5)

2025-05-24T20:29:19.096-06:00  INFO 5976 --- [inventoryManager] [           main] c.i.InventoryManagerApplicationTests     : Starting InventoryManagerApplicationTests using Java 17.0.11 with PID 5976 (started by polit in D:\inventoryManagerGithub\backend)
2025-05-24T20:29:19.099-06:00  INFO 5976 --- [inventoryManager] [           main] c.i.InventoryManagerApplicationTests     : No active profile set, falling back to 1 default profile: "default"
2025-05-24T20:29:20.632-06:00  INFO 5976 --- [inventoryManager] [           main] c.i.InventoryManagerApplicationTests     : Started InventoryManagerApplicationTests in 1.865 seconds (process running for 3.041)
]]></system-out>
  </testcase>
</testsuite>